

Started GET "/volunteers/all" for ::1 at 2015-10-04 12:55:56 -0700
  [1m[36mActiveRecord::SchemaMigration Load (6.8ms)[0m  [1mSELECT "schema_migrations".* FROM "schema_migrations"[0m

ActionController::RoutingError (undefined local variable or method `only' for Volunteer::ProfilesController:Class):
  app/controllers/volunteer/profiles_controller.rb:2:in `<class:ProfilesController>'
  app/controllers/volunteer/profiles_controller.rb:1:in `<top (required)>'


  Rendered /Users/yumiko/.rbenv/versions/2.0.0-p353/lib/ruby/gems/2.0.0/gems/actionpack-4.2.3/lib/action_dispatch/middleware/templates/rescues/_trace.html.erb (1.8ms)
  Rendered /Users/yumiko/.rbenv/versions/2.0.0-p353/lib/ruby/gems/2.0.0/gems/actionpack-4.2.3/lib/action_dispatch/middleware/templates/routes/_route.html.erb (2.2ms)
  Rendered /Users/yumiko/.rbenv/versions/2.0.0-p353/lib/ruby/gems/2.0.0/gems/actionpack-4.2.3/lib/action_dispatch/middleware/templates/routes/_table.html.erb (11.4ms)
  Rendered /Users/yumiko/.rbenv/versions/2.0.0-p353/lib/ruby/gems/2.0.0/gems/actionpack-4.2.3/lib/action_dispatch/middleware/templates/rescues/_request_and_response.html.erb (10.2ms)
  Rendered /Users/yumiko/.rbenv/versions/2.0.0-p353/lib/ruby/gems/2.0.0/gems/actionpack-4.2.3/lib/action_dispatch/middleware/templates/rescues/routing_error.html.erb within rescues/layout (63.1ms)
  Rendered /Users/yumiko/.rbenv/versions/2.0.0-p353/lib/ruby/gems/2.0.0/gems/web-console-2.2.1/lib/web_console/templates/_markup.html.erb (0.5ms)
  Rendered /Users/yumiko/.rbenv/versions/2.0.0-p353/lib/ruby/gems/2.0.0/gems/web-console-2.2.1/lib/web_console/templates/_inner_console_markup.html.erb within layouts/inlined_string (0.4ms)
  Rendered /Users/yumiko/.rbenv/versions/2.0.0-p353/lib/ruby/gems/2.0.0/gems/web-console-2.2.1/lib/web_console/templates/_prompt_box_markup.html.erb within layouts/inlined_string (0.4ms)
  Rendered /Users/yumiko/.rbenv/versions/2.0.0-p353/lib/ruby/gems/2.0.0/gems/web-console-2.2.1/lib/web_console/templates/style.css.erb within layouts/inlined_string (0.6ms)
  Rendered /Users/yumiko/.rbenv/versions/2.0.0-p353/lib/ruby/gems/2.0.0/gems/web-console-2.2.1/lib/web_console/templates/console.js.erb within layouts/javascript (25.4ms)
  Rendered /Users/yumiko/.rbenv/versions/2.0.0-p353/lib/ruby/gems/2.0.0/gems/web-console-2.2.1/lib/web_console/templates/main.js.erb within layouts/javascript (0.3ms)
  Rendered /Users/yumiko/.rbenv/versions/2.0.0-p353/lib/ruby/gems/2.0.0/gems/web-console-2.2.1/lib/web_console/templates/error_page.js.erb within layouts/javascript (0.4ms)
  Rendered /Users/yumiko/.rbenv/versions/2.0.0-p353/lib/ruby/gems/2.0.0/gems/web-console-2.2.1/lib/web_console/templates/index.html.erb (53.5ms)


Started GET "/volunteers/all" for ::1 at 2015-10-04 12:56:58 -0700

TypeError (no implicit conversion of Symbol into Integer):
  app/controllers/volunteer/profiles_controller.rb:2:in `[]'
  app/controllers/volunteer/profiles_controller.rb:2:in `<class:ProfilesController>'
  app/controllers/volunteer/profiles_controller.rb:1:in `<top (required)>'


  Rendered /Users/yumiko/.rbenv/versions/2.0.0-p353/lib/ruby/gems/2.0.0/gems/actionpack-4.2.3/lib/action_dispatch/middleware/templates/rescues/_source.erb (3.1ms)
  Rendered /Users/yumiko/.rbenv/versions/2.0.0-p353/lib/ruby/gems/2.0.0/gems/actionpack-4.2.3/lib/action_dispatch/middleware/templates/rescues/_trace.html.erb (2.4ms)
  Rendered /Users/yumiko/.rbenv/versions/2.0.0-p353/lib/ruby/gems/2.0.0/gems/actionpack-4.2.3/lib/action_dispatch/middleware/templates/rescues/_request_and_response.html.erb (1.6ms)
  Rendered /Users/yumiko/.rbenv/versions/2.0.0-p353/lib/ruby/gems/2.0.0/gems/actionpack-4.2.3/lib/action_dispatch/middleware/templates/rescues/diagnostics.html.erb within rescues/layout (22.0ms)
  Rendered /Users/yumiko/.rbenv/versions/2.0.0-p353/lib/ruby/gems/2.0.0/gems/web-console-2.2.1/lib/web_console/templates/_markup.html.erb (0.5ms)
  Rendered /Users/yumiko/.rbenv/versions/2.0.0-p353/lib/ruby/gems/2.0.0/gems/web-console-2.2.1/lib/web_console/templates/_inner_console_markup.html.erb within layouts/inlined_string (0.3ms)
  Rendered /Users/yumiko/.rbenv/versions/2.0.0-p353/lib/ruby/gems/2.0.0/gems/web-console-2.2.1/lib/web_console/templates/_prompt_box_markup.html.erb within layouts/inlined_string (0.4ms)
  Rendered /Users/yumiko/.rbenv/versions/2.0.0-p353/lib/ruby/gems/2.0.0/gems/web-console-2.2.1/lib/web_console/templates/style.css.erb within layouts/inlined_string (0.4ms)
  Rendered /Users/yumiko/.rbenv/versions/2.0.0-p353/lib/ruby/gems/2.0.0/gems/web-console-2.2.1/lib/web_console/templates/console.js.erb within layouts/javascript (17.5ms)
  Rendered /Users/yumiko/.rbenv/versions/2.0.0-p353/lib/ruby/gems/2.0.0/gems/web-console-2.2.1/lib/web_console/templates/main.js.erb within layouts/javascript (0.2ms)
  Rendered /Users/yumiko/.rbenv/versions/2.0.0-p353/lib/ruby/gems/2.0.0/gems/web-console-2.2.1/lib/web_console/templates/error_page.js.erb within layouts/javascript (0.5ms)
  Rendered /Users/yumiko/.rbenv/versions/2.0.0-p353/lib/ruby/gems/2.0.0/gems/web-console-2.2.1/lib/web_console/templates/index.html.erb (39.6ms)


Started GET "/volunteers/all" for ::1 at 2015-10-04 12:57:16 -0700

TypeError (no implicit conversion of Symbol into Integer):
  app/controllers/volunteer/profiles_controller.rb:2:in `[]'
  app/controllers/volunteer/profiles_controller.rb:2:in `<class:ProfilesController>'
  app/controllers/volunteer/profiles_controller.rb:1:in `<top (required)>'


  Rendered /Users/yumiko/.rbenv/versions/2.0.0-p353/lib/ruby/gems/2.0.0/gems/actionpack-4.2.3/lib/action_dispatch/middleware/templates/rescues/_source.erb (2.9ms)
  Rendered /Users/yumiko/.rbenv/versions/2.0.0-p353/lib/ruby/gems/2.0.0/gems/actionpack-4.2.3/lib/action_dispatch/middleware/templates/rescues/_trace.html.erb (1.4ms)
  Rendered /Users/yumiko/.rbenv/versions/2.0.0-p353/lib/ruby/gems/2.0.0/gems/actionpack-4.2.3/lib/action_dispatch/middleware/templates/rescues/_request_and_response.html.erb (0.9ms)
  Rendered /Users/yumiko/.rbenv/versions/2.0.0-p353/lib/ruby/gems/2.0.0/gems/actionpack-4.2.3/lib/action_dispatch/middleware/templates/rescues/diagnostics.html.erb within rescues/layout (15.1ms)
  Rendered /Users/yumiko/.rbenv/versions/2.0.0-p353/lib/ruby/gems/2.0.0/gems/web-console-2.2.1/lib/web_console/templates/_markup.html.erb (0.3ms)
  Rendered /Users/yumiko/.rbenv/versions/2.0.0-p353/lib/ruby/gems/2.0.0/gems/web-console-2.2.1/lib/web_console/templates/_inner_console_markup.html.erb within layouts/inlined_string (0.2ms)
  Rendered /Users/yumiko/.rbenv/versions/2.0.0-p353/lib/ruby/gems/2.0.0/gems/web-console-2.2.1/lib/web_console/templates/_prompt_box_markup.html.erb within layouts/inlined_string (0.2ms)
  Rendered /Users/yumiko/.rbenv/versions/2.0.0-p353/lib/ruby/gems/2.0.0/gems/web-console-2.2.1/lib/web_console/templates/style.css.erb within layouts/inlined_string (0.2ms)
  Rendered /Users/yumiko/.rbenv/versions/2.0.0-p353/lib/ruby/gems/2.0.0/gems/web-console-2.2.1/lib/web_console/templates/console.js.erb within layouts/javascript (12.3ms)
  Rendered /Users/yumiko/.rbenv/versions/2.0.0-p353/lib/ruby/gems/2.0.0/gems/web-console-2.2.1/lib/web_console/templates/main.js.erb within layouts/javascript (0.2ms)
  Rendered /Users/yumiko/.rbenv/versions/2.0.0-p353/lib/ruby/gems/2.0.0/gems/web-console-2.2.1/lib/web_console/templates/error_page.js.erb within layouts/javascript (0.6ms)
  Rendered /Users/yumiko/.rbenv/versions/2.0.0-p353/lib/ruby/gems/2.0.0/gems/web-console-2.2.1/lib/web_console/templates/index.html.erb (28.0ms)


Started GET "/volunteers/all" for ::1 at 2015-10-04 12:58:07 -0700
  [1m[36mActiveRecord::SchemaMigration Load (0.5ms)[0m  [1mSELECT "schema_migrations".* FROM "schema_migrations"[0m

TypeError (no implicit conversion of Symbol into Integer):
  app/controllers/volunteer/profiles_controller.rb:2:in `[]'
  app/controllers/volunteer/profiles_controller.rb:2:in `<class:ProfilesController>'
  app/controllers/volunteer/profiles_controller.rb:1:in `<top (required)>'


  Rendered /Users/yumiko/.rbenv/versions/2.0.0-p353/lib/ruby/gems/2.0.0/gems/actionpack-4.2.3/lib/action_dispatch/middleware/templates/rescues/_source.erb (3.2ms)
  Rendered /Users/yumiko/.rbenv/versions/2.0.0-p353/lib/ruby/gems/2.0.0/gems/actionpack-4.2.3/lib/action_dispatch/middleware/templates/rescues/_trace.html.erb (1.4ms)
  Rendered /Users/yumiko/.rbenv/versions/2.0.0-p353/lib/ruby/gems/2.0.0/gems/actionpack-4.2.3/lib/action_dispatch/middleware/templates/rescues/_request_and_response.html.erb (8.5ms)
  Rendered /Users/yumiko/.rbenv/versions/2.0.0-p353/lib/ruby/gems/2.0.0/gems/actionpack-4.2.3/lib/action_dispatch/middleware/templates/rescues/diagnostics.html.erb within rescues/layout (25.4ms)
  Rendered /Users/yumiko/.rbenv/versions/2.0.0-p353/lib/ruby/gems/2.0.0/gems/web-console-2.2.1/lib/web_console/templates/_markup.html.erb (0.4ms)
  Rendered /Users/yumiko/.rbenv/versions/2.0.0-p353/lib/ruby/gems/2.0.0/gems/web-console-2.2.1/lib/web_console/templates/_inner_console_markup.html.erb within layouts/inlined_string (0.4ms)
  Rendered /Users/yumiko/.rbenv/versions/2.0.0-p353/lib/ruby/gems/2.0.0/gems/web-console-2.2.1/lib/web_console/templates/_prompt_box_markup.html.erb within layouts/inlined_string (0.7ms)
  Rendered /Users/yumiko/.rbenv/versions/2.0.0-p353/lib/ruby/gems/2.0.0/gems/web-console-2.2.1/lib/web_console/templates/style.css.erb within layouts/inlined_string (0.5ms)
  Rendered /Users/yumiko/.rbenv/versions/2.0.0-p353/lib/ruby/gems/2.0.0/gems/web-console-2.2.1/lib/web_console/templates/console.js.erb within layouts/javascript (24.0ms)
  Rendered /Users/yumiko/.rbenv/versions/2.0.0-p353/lib/ruby/gems/2.0.0/gems/web-console-2.2.1/lib/web_console/templates/main.js.erb within layouts/javascript (0.3ms)
  Rendered /Users/yumiko/.rbenv/versions/2.0.0-p353/lib/ruby/gems/2.0.0/gems/web-console-2.2.1/lib/web_console/templates/error_page.js.erb within layouts/javascript (0.6ms)
  Rendered /Users/yumiko/.rbenv/versions/2.0.0-p353/lib/ruby/gems/2.0.0/gems/web-console-2.2.1/lib/web_console/templates/index.html.erb (50.5ms)
  [1m[36mActiveRecord::SchemaMigration Load (0.3ms)[0m  [1mSELECT "schema_migrations".* FROM "schema_migrations"[0m
  [1m[35mActiveRecord::SchemaMigration Load (0.2ms)[0m  SELECT "schema_migrations".* FROM "schema_migrations"
  [1m[36m (4.9ms)[0m  [1mSELECT t2.oid::regclass::text AS to_table, a1.attname AS column, a2.attname AS primary_key, c.conname AS name, c.confupdtype AS on_update, c.confdeltype AS on_delete
FROM pg_constraint c
JOIN pg_class t1 ON c.conrelid = t1.oid
JOIN pg_class t2 ON c.confrelid = t2.oid
JOIN pg_attribute a1 ON a1.attnum = c.conkey[1] AND a1.attrelid = t1.oid
JOIN pg_attribute a2 ON a2.attnum = c.confkey[1] AND a2.attrelid = t2.oid
JOIN pg_namespace t3 ON c.connamespace = t3.oid
WHERE c.contype = 'f'
  AND t1.relname = 'departments'
  AND t3.nspname = ANY (current_schemas(false))
ORDER BY c.conname
[0m
  [1m[35m (1.8ms)[0m  SELECT t2.oid::regclass::text AS to_table, a1.attname AS column, a2.attname AS primary_key, c.conname AS name, c.confupdtype AS on_update, c.confdeltype AS on_delete
FROM pg_constraint c
JOIN pg_class t1 ON c.conrelid = t1.oid
JOIN pg_class t2 ON c.confrelid = t2.oid
JOIN pg_attribute a1 ON a1.attnum = c.conkey[1] AND a1.attrelid = t1.oid
JOIN pg_attribute a2 ON a2.attnum = c.confkey[1] AND a2.attrelid = t2.oid
JOIN pg_namespace t3 ON c.connamespace = t3.oid
WHERE c.contype = 'f'
  AND t1.relname = 'projects'
  AND t3.nspname = ANY (current_schemas(false))
ORDER BY c.conname

  [1m[36m (1.5ms)[0m  [1mSELECT t2.oid::regclass::text AS to_table, a1.attname AS column, a2.attname AS primary_key, c.conname AS name, c.confupdtype AS on_update, c.confdeltype AS on_delete
FROM pg_constraint c
JOIN pg_class t1 ON c.conrelid = t1.oid
JOIN pg_class t2 ON c.confrelid = t2.oid
JOIN pg_attribute a1 ON a1.attnum = c.conkey[1] AND a1.attrelid = t1.oid
JOIN pg_attribute a2 ON a2.attnum = c.confkey[1] AND a2.attrelid = t2.oid
JOIN pg_namespace t3 ON c.connamespace = t3.oid
WHERE c.contype = 'f'
  AND t1.relname = 'skills'
  AND t3.nspname = ANY (current_schemas(false))
ORDER BY c.conname
[0m
  [1m[35m (1.4ms)[0m  SELECT t2.oid::regclass::text AS to_table, a1.attname AS column, a2.attname AS primary_key, c.conname AS name, c.confupdtype AS on_update, c.confdeltype AS on_delete
FROM pg_constraint c
JOIN pg_class t1 ON c.conrelid = t1.oid
JOIN pg_class t2 ON c.confrelid = t2.oid
JOIN pg_attribute a1 ON a1.attnum = c.conkey[1] AND a1.attrelid = t1.oid
JOIN pg_attribute a2 ON a2.attnum = c.confkey[1] AND a2.attrelid = t2.oid
JOIN pg_namespace t3 ON c.connamespace = t3.oid
WHERE c.contype = 'f'
  AND t1.relname = 'volunteers'
  AND t3.nspname = ANY (current_schemas(false))
ORDER BY c.conname

  [1m[36m (1.4ms)[0m  [1mSELECT t2.oid::regclass::text AS to_table, a1.attname AS column, a2.attname AS primary_key, c.conname AS name, c.confupdtype AS on_update, c.confdeltype AS on_delete
FROM pg_constraint c
JOIN pg_class t1 ON c.conrelid = t1.oid
JOIN pg_class t2 ON c.confrelid = t2.oid
JOIN pg_attribute a1 ON a1.attnum = c.conkey[1] AND a1.attrelid = t1.oid
JOIN pg_attribute a2 ON a2.attnum = c.confkey[1] AND a2.attrelid = t2.oid
JOIN pg_namespace t3 ON c.connamespace = t3.oid
WHERE c.contype = 'f'
  AND t1.relname = 'weeklyhours'
  AND t3.nspname = ANY (current_schemas(false))
ORDER BY c.conname
[0m


Started GET "/volunteers/all" for ::1 at 2015-10-04 12:58:51 -0700
  [1m[36mActiveRecord::SchemaMigration Load (0.6ms)[0m  [1mSELECT "schema_migrations".* FROM "schema_migrations"[0m
Processing by Volunteer::ProfilesController#all as HTML
  [1m[35mVolunteer Load (1.2ms)[0m  SELECT  "volunteers".* FROM "volunteers" WHERE "volunteers"."id" = $1 LIMIT 1  [["id", nil]]
Completed 404 Not Found in 26ms (ActiveRecord: 4.1ms)

ActiveRecord::RecordNotFound (Couldn't find Volunteer with 'id'=):
  app/controllers/volunteer/profiles_controller.rb:21:in `set_volunteer'


  Rendered /Users/yumiko/.rbenv/versions/2.0.0-p353/lib/ruby/gems/2.0.0/gems/actionpack-4.2.3/lib/action_dispatch/middleware/templates/rescues/_source.erb (6.0ms)
  Rendered /Users/yumiko/.rbenv/versions/2.0.0-p353/lib/ruby/gems/2.0.0/gems/actionpack-4.2.3/lib/action_dispatch/middleware/templates/rescues/_trace.html.erb (2.4ms)
  Rendered /Users/yumiko/.rbenv/versions/2.0.0-p353/lib/ruby/gems/2.0.0/gems/actionpack-4.2.3/lib/action_dispatch/middleware/templates/rescues/_request_and_response.html.erb (1.3ms)
  Rendered /Users/yumiko/.rbenv/versions/2.0.0-p353/lib/ruby/gems/2.0.0/gems/actionpack-4.2.3/lib/action_dispatch/middleware/templates/rescues/diagnostics.html.erb within rescues/layout (30.7ms)
  Rendered /Users/yumiko/.rbenv/versions/2.0.0-p353/lib/ruby/gems/2.0.0/gems/web-console-2.2.1/lib/web_console/templates/_markup.html.erb (0.5ms)
  Rendered /Users/yumiko/.rbenv/versions/2.0.0-p353/lib/ruby/gems/2.0.0/gems/web-console-2.2.1/lib/web_console/templates/_inner_console_markup.html.erb within layouts/inlined_string (0.4ms)
  Rendered /Users/yumiko/.rbenv/versions/2.0.0-p353/lib/ruby/gems/2.0.0/gems/web-console-2.2.1/lib/web_console/templates/_prompt_box_markup.html.erb within layouts/inlined_string (0.2ms)
  Rendered /Users/yumiko/.rbenv/versions/2.0.0-p353/lib/ruby/gems/2.0.0/gems/web-console-2.2.1/lib/web_console/templates/style.css.erb within layouts/inlined_string (0.5ms)
  Rendered /Users/yumiko/.rbenv/versions/2.0.0-p353/lib/ruby/gems/2.0.0/gems/web-console-2.2.1/lib/web_console/templates/console.js.erb within layouts/javascript (20.1ms)
  Rendered /Users/yumiko/.rbenv/versions/2.0.0-p353/lib/ruby/gems/2.0.0/gems/web-console-2.2.1/lib/web_console/templates/main.js.erb within layouts/javascript (0.5ms)
  Rendered /Users/yumiko/.rbenv/versions/2.0.0-p353/lib/ruby/gems/2.0.0/gems/web-console-2.2.1/lib/web_console/templates/error_page.js.erb within layouts/javascript (0.4ms)
  Rendered /Users/yumiko/.rbenv/versions/2.0.0-p353/lib/ruby/gems/2.0.0/gems/web-console-2.2.1/lib/web_console/templates/index.html.erb (54.8ms)


Started GET "/volunteers/all" for ::1 at 2015-10-04 12:59:14 -0700
Processing by Volunteer::ProfilesController#all as HTML
  [1m[36mVolunteer Load (0.4ms)[0m  [1mSELECT "volunteers".* FROM "volunteers"[0m
Completed 200 OK in 35ms (Views: 31.6ms | ActiveRecord: 1.9ms)


Started GET "/volunteers/all" for ::1 at 2015-10-04 12:59:58 -0700
Processing by Volunteer::ProfilesController#all as HTML
  [1m[35mVolunteer Load (37.8ms)[0m  SELECT "volunteers".* FROM "volunteers"
Completed 200 OK in 206ms (Views: 167.0ms | ActiveRecord: 37.8ms)
